{"/Users/premodial/Desktop/Projects/weather/app/app/i18n.ts": {"path":"/Users/premodial/Desktop/Projects/weather/app/app/i18n.ts","statementMap":{"0":{"start":{"line":8,"column":0},"end":{"line":8,"column":37}},"1":{"start":{"line":9,"column":0},"end":{"line":9,"column":34}},"2":{"start":{"line":10,"column":0},"end":{"line":10,"column":22}}},"fnMap":{},"branchMap":{},"s":{"0":1,"1":1,"2":1},"f":{},"b":{},"_coverageSchema":"1a1c01bbd47fc00a2c39e90264f33305004495a9","hash":"688d2d7766f98f16e96e270a3a426f8c4d84598c"}
,"/Users/premodial/Desktop/Projects/weather/app/app/constants/index.ts": {"path":"/Users/premodial/Desktop/Projects/weather/app/app/constants/index.ts","statementMap":{"0":{"start":{"line":2,"column":31},"end":{"line":2,"column":40}},"1":{"start":{"line":6,"column":23},"end":{"line":10,"column":1}},"2":{"start":{"line":16,"column":22},"end":{"line":16,"column":35}},"3":{"start":{"line":17,"column":20},"end":{"line":17,"column":21}},"4":{"start":{"line":18,"column":22},"end":{"line":18,"column":41}},"5":{"start":{"line":22,"column":27},"end":{"line":26,"column":1}},"6":{"start":{"line":28,"column":26},"end":{"line":35,"column":1}},"7":{"start":{"line":38,"column":26},"end":{"line":38,"column":32}},"8":{"start":{"line":40,"column":23},"end":{"line":42,"column":1}},"9":{"start":{"line":44,"column":43},"end":{"line":44,"column":72}}},"fnMap":{},"branchMap":{},"s":{"0":1,"1":1,"2":1,"3":1,"4":1,"5":1,"6":1,"7":1,"8":1,"9":1},"f":{},"b":{},"_coverageSchema":"1a1c01bbd47fc00a2c39e90264f33305004495a9","hash":"5708746c3c7cb4e3da3847022972518671f9474f"}
,"/Users/premodial/Desktop/Projects/weather/app/app/screens/views/details.tsx": {"path":"/Users/premodial/Desktop/Projects/weather/app/app/screens/views/details.tsx","statementMap":{"0":{"start":{"line":11,"column":22},"end":{"line":11,"column":44}},"1":{"start":{"line":12,"column":36},"end":{"line":12,"column":55}},"2":{"start":{"line":14,"column":2},"end":{"line":25,"column":9}},"3":{"start":{"line":15,"column":21},"end":{"line":22,"column":5}},"4":{"start":{"line":16,"column":6},"end":{"line":21,"column":7}},"5":{"start":{"line":17,"column":25},"end":{"line":17,"column":65}},"6":{"start":{"line":18,"column":8},"end":{"line":18,"column":31}},"7":{"start":{"line":20,"column":8},"end":{"line":20,"column":32}},"8":{"start":{"line":24,"column":4},"end":{"line":24,"column":15}},"9":{"start":{"line":27,"column":2},"end":{"line":33,"column":3}},"10":{"start":{"line":28,"column":4},"end":{"line":32,"column":5}},"11":{"start":{"line":35,"column":2},"end":{"line":63,"column":4}},"12":{"start":{"line":48,"column":25},"end":{"line":48,"column":62}},"13":{"start":{"line":53,"column":25},"end":{"line":53,"column":72}},"14":{"start":{"line":58,"column":25},"end":{"line":58,"column":59}},"15":{"start":{"line":66,"column":15},"end":{"line":100,"column":2}}},"fnMap":{"0":{"name":"PlaceDetailsScreen","decl":{"start":{"line":10,"column":24},"end":{"line":10,"column":42}},"loc":{"start":{"line":10,"column":45},"end":{"line":64,"column":1}},"line":10},"1":{"name":"(anonymous_1)","decl":{"start":{"line":14,"column":12},"end":{"line":14,"column":13}},"loc":{"start":{"line":14,"column":18},"end":{"line":25,"column":3}},"line":14},"2":{"name":"(anonymous_2)","decl":{"start":{"line":15,"column":21},"end":{"line":15,"column":22}},"loc":{"start":{"line":15,"column":33},"end":{"line":22,"column":5}},"line":15},"3":{"name":"(anonymous_3)","decl":{"start":{"line":48,"column":19},"end":{"line":48,"column":20}},"loc":{"start":{"line":48,"column":25},"end":{"line":48,"column":62}},"line":48},"4":{"name":"(anonymous_4)","decl":{"start":{"line":53,"column":19},"end":{"line":53,"column":20}},"loc":{"start":{"line":53,"column":25},"end":{"line":53,"column":72}},"line":53},"5":{"name":"(anonymous_5)","decl":{"start":{"line":58,"column":19},"end":{"line":58,"column":20}},"loc":{"start":{"line":58,"column":25},"end":{"line":58,"column":59}},"line":58}},"branchMap":{"0":{"loc":{"start":{"line":27,"column":2},"end":{"line":33,"column":3}},"type":"if","locations":[{"start":{"line":27,"column":2},"end":{"line":33,"column":3}},{"start":{},"end":{}}],"line":27},"1":{"loc":{"start":{"line":39,"column":16},"end":{"line":39,"column":119}},"type":"cond-expr","locations":[{"start":{"line":39,"column":46},"end":{"line":39,"column":74}},{"start":{"line":39,"column":77},"end":{"line":39,"column":119}}],"line":39}},"s":{"0":8,"1":8,"2":7,"3":4,"4":4,"5":4,"6":3,"7":1,"8":4,"9":7,"10":5,"11":2,"12":1,"13":1,"14":1,"15":1},"f":{"0":8,"1":4,"2":4,"3":1,"4":1,"5":1},"b":{"0":[5,2],"1":[2,0]},"_coverageSchema":"1a1c01bbd47fc00a2c39e90264f33305004495a9","hash":"2c1e38d376b3bd8abf1d83b9da2fc9b97036cbe5"}
}
