TN:
SF:app/i18n.ts
FNF:0
FNH:0
DA:8,1
DA:9,1
DA:10,1
LF:3
LH:3
BRF:0
BRH:0
end_of_record
TN:
SF:app/constants/index.ts
FNF:0
FNH:0
DA:2,1
DA:6,1
DA:16,1
DA:17,1
DA:18,1
DA:22,1
DA:28,1
DA:38,1
DA:40,1
DA:44,1
LF:10
LH:10
BRF:0
BRH:0
end_of_record
TN:
SF:app/screens/views/details.tsx
FN:10,PlaceDetailsScreen
FN:14,(anonymous_1)
FN:15,(anonymous_2)
FN:48,(anonymous_3)
FN:53,(anonymous_4)
FN:58,(anonymous_5)
FNF:6
FNH:6
FNDA:8,PlaceDetailsScreen
FNDA:4,(anonymous_1)
FNDA:4,(anonymous_2)
FNDA:1,(anonymous_3)
FNDA:1,(anonymous_4)
FNDA:1,(anonymous_5)
DA:11,8
DA:12,8
DA:14,7
DA:15,4
DA:16,4
DA:17,4
DA:18,3
DA:20,1
DA:24,4
DA:27,7
DA:28,5
DA:35,2
DA:48,1
DA:53,1
DA:58,1
DA:66,1
LF:16
LH:16
BRDA:27,0,0,5
BRDA:27,0,1,2
BRDA:39,1,0,2
BRDA:39,1,1,0
BRF:4
BRH:3
end_of_record
